This file contains any messages produced by compilers while
running configure, to aid debugging if configure makes a mistake.

It was created by tasker-X11 configure 0.0.1, which was
generated by GNU Autoconf 2.60.  Invocation command line was

  $ ./configure --prefix=/usr/local --cache-file=/dev/null --srcdir=.

## --------- ##
## Platform. ##
## --------- ##

hostname = harpo
uname -m = i686
uname -r = 2.6.15gam3
uname -s = Linux
uname -v = #3 SMP Sun Mar 19 10:37:19 EST 2006

/usr/bin/uname -p = unknown
/bin/uname -X     = unknown

/bin/arch              = i686
/usr/bin/arch -k       = unknown
/usr/convex/getsysinfo = unknown
/usr/bin/hostinfo      = unknown
/bin/machine           = unknown
/usr/bin/oslevel       = unknown
/bin/universe          = unknown

PATH: /sbin
PATH: /usr/sbin
PATH: /home/gam3/bin
PATH: /usr/local/bin
PATH: /usr/bin
PATH: /bin
PATH: /usr/bin/X11
PATH: /usr/games
PATH: /usr/kerberos/bin
PATH: /usr/kerberos/sbin
PATH: /usr/local/Acrobat5/bin/
PATH: /opt/perl/bin
PATH: /usr/local/bin
PATH: /usr/local/sbin
PATH: /home/gam3/bin
PATH: /opt/perl5.6.0/bin


## ----------- ##
## Core tests. ##
## ----------- ##

configure:1780: checking build system type
configure:1798: result: i686-pc-linux-gnu
configure:1820: checking host system type
configure:1835: result: i686-pc-linux-gnu
configure:1857: checking target system type
configure:1872: result: i686-pc-linux-gnu
configure:1915: checking for a BSD-compatible install
configure:1971: result: /usr/bin/install -c
configure:1982: checking whether build environment is sane
configure:2025: result: yes
configure:2090: checking for gawk
configure:2106: found /usr/bin/gawk
configure:2117: result: gawk
configure:2128: checking whether make sets $(MAKE)
configure:2149: result: yes
configure:2383: checking for gcc
configure:2399: found /usr/bin/gcc
configure:2410: result: gcc
configure:2648: checking for C compiler version
configure:2655: gcc --version >&5
gcc (GCC) 4.0.4 20060507 (prerelease) (Debian 4.0.3-3)
Copyright (C) 2006 Free Software Foundation, Inc.
This is free software; see the source for copying conditions.  There is NO
warranty; not even for MERCHANTABILITY or FITNESS FOR A PARTICULAR PURPOSE.

configure:2658: $? = 0
configure:2665: gcc -v >&5
Using built-in specs.
Target: i486-linux-gnu
Configured with: ../src/configure -v --enable-languages=c,c++,java,f95,objc,ada,treelang --prefix=/usr --enable-shared --with-system-zlib --libexecdir=/usr/lib --without-included-gettext --enable-threads=posix --enable-nls --program-suffix=-4.0 --enable-__cxa_atexit --enable-clocale=gnu --enable-libstdcxx-debug --enable-java-awt=gtk-default --enable-gtk-cairo --with-java-home=/usr/lib/jvm/java-1.4.2-gcj-4.0-1.4.2.0/jre --enable-mpfr --disable-werror --with-tune=i686 --enable-checking=release i486-linux-gnu
Thread model: posix
gcc version 4.0.4 20060507 (prerelease) (Debian 4.0.3-3)
configure:2668: $? = 0
configure:2675: gcc -V >&5
gcc: '-V' option must have argument
configure:2678: $? = 1
configure:2701: checking for C compiler default output file name
configure:2728: gcc    conftest.c  >&5
configure:2731: $? = 0
configure:2777: result: a.out
configure:2782: checking whether the C compiler works
configure:2792: ./a.out
configure:2795: $? = 0
configure:2812: result: yes
configure:2819: checking whether we are cross compiling
configure:2821: result: no
configure:2824: checking for suffix of executables
configure:2831: gcc -o conftest    conftest.c  >&5
configure:2834: $? = 0
configure:2858: result: 
configure:2864: checking for suffix of object files
configure:2890: gcc -c   conftest.c >&5
configure:2893: $? = 0
configure:2916: result: o
configure:2920: checking whether we are using the GNU C compiler
configure:2949: gcc -c   conftest.c >&5
configure:2955: $? = 0
configure:2962: test -z "$ac_c_werror_flag" || test ! -s conftest.err
configure:2965: $? = 0
configure:2972: test -s conftest.o
configure:2975: $? = 0
configure:2989: result: yes
configure:2994: checking whether gcc accepts -g
configure:3024: gcc -c -g  conftest.c >&5
configure:3030: $? = 0
configure:3037: test -z "$ac_c_werror_flag" || test ! -s conftest.err
configure:3040: $? = 0
configure:3047: test -s conftest.o
configure:3050: $? = 0
configure:3180: result: yes
configure:3197: checking for gcc option to accept ISO C89
configure:3271: gcc  -c -g -O2  conftest.c >&5
configure:3277: $? = 0
configure:3284: test -z "$ac_c_werror_flag" || test ! -s conftest.err
configure:3287: $? = 0
configure:3294: test -s conftest.o
configure:3297: $? = 0
configure:3317: result: none needed
configure:3346: checking for style of include used by make
configure:3374: result: GNU
configure:3402: checking dependency style of gcc
configure:3492: result: gcc3
configure:3567: checking for g++
configure:3583: found /usr/bin/g++
configure:3594: result: g++
configure:3625: checking for C++ compiler version
configure:3632: g++ --version >&5
g++ (GCC) 4.0.4 20060507 (prerelease) (Debian 4.0.3-3)
Copyright (C) 2006 Free Software Foundation, Inc.
This is free software; see the source for copying conditions.  There is NO
warranty; not even for MERCHANTABILITY or FITNESS FOR A PARTICULAR PURPOSE.

configure:3635: $? = 0
configure:3642: g++ -v >&5
Using built-in specs.
Target: i486-linux-gnu
Configured with: ../src/configure -v --enable-languages=c,c++,java,f95,objc,ada,treelang --prefix=/usr --enable-shared --with-system-zlib --libexecdir=/usr/lib --without-included-gettext --enable-threads=posix --enable-nls --program-suffix=-4.0 --enable-__cxa_atexit --enable-clocale=gnu --enable-libstdcxx-debug --enable-java-awt=gtk-default --enable-gtk-cairo --with-java-home=/usr/lib/jvm/java-1.4.2-gcj-4.0-1.4.2.0/jre --enable-mpfr --disable-werror --with-tune=i686 --enable-checking=release i486-linux-gnu
Thread model: posix
gcc version 4.0.4 20060507 (prerelease) (Debian 4.0.3-3)
configure:3645: $? = 0
configure:3652: g++ -V >&5
g++: '-V' option must have argument
configure:3655: $? = 1
configure:3658: checking whether we are using the GNU C++ compiler
configure:3687: g++ -c   conftest.cpp >&5
configure:3693: $? = 0
configure:3700: test -z "$ac_cxx_werror_flag" || test ! -s conftest.err
configure:3703: $? = 0
configure:3710: test -s conftest.o
configure:3713: $? = 0
configure:3727: result: yes
configure:3732: checking whether g++ accepts -g
configure:3762: g++ -c -g  conftest.cpp >&5
configure:3768: $? = 0
configure:3775: test -z "$ac_cxx_werror_flag" || test ! -s conftest.err
configure:3778: $? = 0
configure:3785: test -s conftest.o
configure:3788: $? = 0
configure:3918: result: yes
configure:3943: checking dependency style of g++
configure:4033: result: gcc3
configure:4054: checking for XOpenDisplay in -lX11
configure:4089: gcc -o conftest -g -O2   conftest.c -lX11   >&5
configure:4095: $? = 0
configure:4102: test -z "$ac_c_werror_flag" || test ! -s conftest.err
configure:4105: $? = 0
configure:4112: test -s conftest
configure:4115: $? = 0
configure:4129: result: yes
configure:4141: checking for XScreenSaverQueryInfo in -lXss
configure:4176: gcc -o conftest -g -O2   conftest.c -lXss  -lX11  >&5
configure:4182: $? = 0
configure:4189: test -z "$ac_c_werror_flag" || test ! -s conftest.err
configure:4192: $? = 0
configure:4199: test -s conftest
configure:4202: $? = 0
configure:4216: result: yes
configure:4234: checking how to run the C preprocessor
configure:4274: gcc -E  conftest.c
configure:4280: $? = 0
configure:4318: gcc -E  conftest.c
conftest.c:12:28: error: ac_nonexistent.h: No such file or directory
configure:4324: $? = 1
configure: failed program was:
| /* confdefs.h.  */
| #define PACKAGE_NAME "tasker-X11"
| #define PACKAGE_TARNAME "tasker-x11"
| #define PACKAGE_VERSION "0.0.1"
| #define PACKAGE_STRING "tasker-X11 0.0.1"
| #define PACKAGE_BUGREPORT "tasker-bugs@gam3.net"
| #define PACKAGE "tasker-x11"
| #define VERSION "0.0.1"
| #define HAVE_LIBX11 1
| #define HAVE_LIBXSS 1
| /* end confdefs.h.  */
| #include <ac_nonexistent.h>
configure:4364: result: gcc -E
configure:4393: gcc -E  conftest.c
configure:4399: $? = 0
configure:4437: gcc -E  conftest.c
conftest.c:12:28: error: ac_nonexistent.h: No such file or directory
configure:4443: $? = 1
configure: failed program was:
| /* confdefs.h.  */
| #define PACKAGE_NAME "tasker-X11"
| #define PACKAGE_TARNAME "tasker-x11"
| #define PACKAGE_VERSION "0.0.1"
| #define PACKAGE_STRING "tasker-X11 0.0.1"
| #define PACKAGE_BUGREPORT "tasker-bugs@gam3.net"
| #define PACKAGE "tasker-x11"
| #define VERSION "0.0.1"
| #define HAVE_LIBX11 1
| #define HAVE_LIBXSS 1
| /* end confdefs.h.  */
| #include <ac_nonexistent.h>
configure:4488: checking for grep that handles long lines and -e
configure:4562: result: /bin/grep
configure:4567: checking for egrep
configure:4645: result: /bin/grep -E
configure:4650: checking for ANSI C header files
configure:4680: gcc -c -g -O2  conftest.c >&5
configure:4686: $? = 0
configure:4693: test -z "$ac_c_werror_flag" || test ! -s conftest.err
configure:4696: $? = 0
configure:4703: test -s conftest.o
configure:4706: $? = 0
configure:4802: gcc -o conftest -g -O2   conftest.c -lXss -lX11  >&5
configure:4805: $? = 0
configure:4811: ./conftest
configure:4814: $? = 0
configure:4831: result: yes
configure:4855: checking for sys/types.h
configure:4876: gcc -c -g -O2  conftest.c >&5
configure:4882: $? = 0
configure:4889: test -z "$ac_c_werror_flag" || test ! -s conftest.err
configure:4892: $? = 0
configure:4899: test -s conftest.o
configure:4902: $? = 0
configure:4915: result: yes
configure:4855: checking for sys/stat.h
configure:4876: gcc -c -g -O2  conftest.c >&5
configure:4882: $? = 0
configure:4889: test -z "$ac_c_werror_flag" || test ! -s conftest.err
configure:4892: $? = 0
configure:4899: test -s conftest.o
configure:4902: $? = 0
configure:4915: result: yes
configure:4855: checking for stdlib.h
configure:4876: gcc -c -g -O2  conftest.c >&5
configure:4882: $? = 0
configure:4889: test -z "$ac_c_werror_flag" || test ! -s conftest.err
configure:4892: $? = 0
configure:4899: test -s conftest.o
configure:4902: $? = 0
configure:4915: result: yes
configure:4855: checking for string.h
configure:4876: gcc -c -g -O2  conftest.c >&5
configure:4882: $? = 0
configure:4889: test -z "$ac_c_werror_flag" || test ! -s conftest.err
configure:4892: $? = 0
configure:4899: test -s conftest.o
configure:4902: $? = 0
configure:4915: result: yes
configure:4855: checking for memory.h
configure:4876: gcc -c -g -O2  conftest.c >&5
configure:4882: $? = 0
configure:4889: test -z "$ac_c_werror_flag" || test ! -s conftest.err
configure:4892: $? = 0
configure:4899: test -s conftest.o
configure:4902: $? = 0
configure:4915: result: yes
configure:4855: checking for strings.h
configure:4876: gcc -c -g -O2  conftest.c >&5
configure:4882: $? = 0
configure:4889: test -z "$ac_c_werror_flag" || test ! -s conftest.err
configure:4892: $? = 0
configure:4899: test -s conftest.o
configure:4902: $? = 0
configure:4915: result: yes
configure:4855: checking for inttypes.h
configure:4876: gcc -c -g -O2  conftest.c >&5
configure:4882: $? = 0
configure:4889: test -z "$ac_c_werror_flag" || test ! -s conftest.err
configure:4892: $? = 0
configure:4899: test -s conftest.o
configure:4902: $? = 0
configure:4915: result: yes
configure:4855: checking for stdint.h
configure:4876: gcc -c -g -O2  conftest.c >&5
configure:4882: $? = 0
configure:4889: test -z "$ac_c_werror_flag" || test ! -s conftest.err
configure:4892: $? = 0
configure:4899: test -s conftest.o
configure:4902: $? = 0
configure:4915: result: yes
configure:4855: checking for unistd.h
configure:4876: gcc -c -g -O2  conftest.c >&5
configure:4882: $? = 0
configure:4889: test -z "$ac_c_werror_flag" || test ! -s conftest.err
configure:4892: $? = 0
configure:4899: test -s conftest.o
configure:4902: $? = 0
configure:4915: result: yes
configure:4948: checking fcntl.h usability
configure:4965: gcc -c -g -O2  conftest.c >&5
configure:4971: $? = 0
configure:4978: test -z "$ac_c_werror_flag" || test ! -s conftest.err
configure:4981: $? = 0
configure:4988: test -s conftest.o
configure:4991: $? = 0
configure:5002: result: yes
configure:5006: checking fcntl.h presence
configure:5021: gcc -E  conftest.c
configure:5027: $? = 0
configure:5048: result: yes
configure:5081: checking for fcntl.h
configure:5089: result: yes
configure:4948: checking locale.h usability
configure:4965: gcc -c -g -O2  conftest.c >&5
configure:4971: $? = 0
configure:4978: test -z "$ac_c_werror_flag" || test ! -s conftest.err
configure:4981: $? = 0
configure:4988: test -s conftest.o
configure:4991: $? = 0
configure:5002: result: yes
configure:5006: checking locale.h presence
configure:5021: gcc -E  conftest.c
configure:5027: $? = 0
configure:5048: result: yes
configure:5081: checking for locale.h
configure:5089: result: yes
configure:4948: checking sys/ioctl.h usability
configure:4965: gcc -c -g -O2  conftest.c >&5
configure:4971: $? = 0
configure:4978: test -z "$ac_c_werror_flag" || test ! -s conftest.err
configure:4981: $? = 0
configure:4988: test -s conftest.o
configure:4991: $? = 0
configure:5002: result: yes
configure:5006: checking sys/ioctl.h presence
configure:5021: gcc -E  conftest.c
configure:5027: $? = 0
configure:5048: result: yes
configure:5081: checking for sys/ioctl.h
configure:5089: result: yes
configure:4948: checking X11/Xlib.h usability
configure:4965: gcc -c -g -O2  conftest.c >&5
configure:4971: $? = 0
configure:4978: test -z "$ac_c_werror_flag" || test ! -s conftest.err
configure:4981: $? = 0
configure:4988: test -s conftest.o
configure:4991: $? = 0
configure:5002: result: yes
configure:5006: checking X11/Xlib.h presence
configure:5021: gcc -E  conftest.c
configure:5027: $? = 0
configure:5048: result: yes
configure:5081: checking for X11/Xlib.h
configure:5089: result: yes
configure:4948: checking X11/X.h usability
configure:4965: gcc -c -g -O2  conftest.c >&5
configure:4971: $? = 0
configure:4978: test -z "$ac_c_werror_flag" || test ! -s conftest.err
configure:4981: $? = 0
configure:4988: test -s conftest.o
configure:4991: $? = 0
configure:5002: result: yes
configure:5006: checking X11/X.h presence
configure:5021: gcc -E  conftest.c
configure:5027: $? = 0
configure:5048: result: yes
configure:5081: checking for X11/X.h
configure:5089: result: yes
configure:4948: checking X11/Intrinsic.h usability
configure:4965: gcc -c -g -O2  conftest.c >&5
configure:4971: $? = 0
configure:4978: test -z "$ac_c_werror_flag" || test ! -s conftest.err
configure:4981: $? = 0
configure:4988: test -s conftest.o
configure:4991: $? = 0
configure:5002: result: yes
configure:5006: checking X11/Intrinsic.h presence
configure:5021: gcc -E  conftest.c
configure:5027: $? = 0
configure:5048: result: yes
configure:5081: checking for X11/Intrinsic.h
configure:5089: result: yes
configure:4948: checking X11/Xmu/WinUtil.h usability
configure:4965: gcc -c -g -O2  conftest.c >&5
configure:4971: $? = 0
configure:4978: test -z "$ac_c_werror_flag" || test ! -s conftest.err
configure:4981: $? = 0
configure:4988: test -s conftest.o
configure:4991: $? = 0
configure:5002: result: yes
configure:5006: checking X11/Xmu/WinUtil.h presence
configure:5021: gcc -E  conftest.c
configure:5027: $? = 0
configure:5048: result: yes
configure:5081: checking for X11/Xmu/WinUtil.h
configure:5089: result: yes
configure:5112: checking for X11/extensions/scrnsaver.h
configure:5133: gcc -c -g -O2  conftest.c >&5
configure:5139: $? = 0
configure:5146: test -z "$ac_c_werror_flag" || test ! -s conftest.err
configure:5149: $? = 0
configure:5156: test -s conftest.o
configure:5159: $? = 0
configure:5172: result: yes
configure:5341: creating ./config.status

## ---------------------- ##
## Running config.status. ##
## ---------------------- ##

This file was extended by tasker-X11 config.status 0.0.1, which was
generated by GNU Autoconf 2.60.  Invocation command line was

  CONFIG_FILES    = 
  CONFIG_HEADERS  = 
  CONFIG_LINKS    = 
  CONFIG_COMMANDS = 
  $ ./config.status 

on harpo

config.status:625: creating Makefile
config.status:810: executing depfiles commands
configure:6498: === configuring in focus_tracker (/home/gam3/src/tasker/X11/focus_tracker)
configure:6601: running /bin/sh ./configure --prefix=/usr/local  --cache-file=/dev/null --srcdir=.

## ---------------- ##
## Cache variables. ##
## ---------------- ##

ac_cv_build=i686-pc-linux-gnu
ac_cv_c_compiler_gnu=yes
ac_cv_cxx_compiler_gnu=yes
ac_cv_env_CCC_set=
ac_cv_env_CCC_value=
ac_cv_env_CC_set=
ac_cv_env_CC_value=
ac_cv_env_CFLAGS_set=
ac_cv_env_CFLAGS_value=
ac_cv_env_CPPFLAGS_set=
ac_cv_env_CPPFLAGS_value=
ac_cv_env_CPP_set=
ac_cv_env_CPP_value=
ac_cv_env_CXXFLAGS_set=
ac_cv_env_CXXFLAGS_value=
ac_cv_env_CXX_set=
ac_cv_env_CXX_value=
ac_cv_env_LDFLAGS_set=
ac_cv_env_LDFLAGS_value=
ac_cv_env_build_alias_set=
ac_cv_env_build_alias_value=
ac_cv_env_host_alias_set=
ac_cv_env_host_alias_value=
ac_cv_env_target_alias_set=
ac_cv_env_target_alias_value=
ac_cv_header_X11_Intrinsic_h=yes
ac_cv_header_X11_X_h=yes
ac_cv_header_X11_Xlib_h=yes
ac_cv_header_X11_Xmu_WinUtil_h=yes
ac_cv_header_X11_extensions_scrnsaver_h=yes
ac_cv_header_fcntl_h=yes
ac_cv_header_inttypes_h=yes
ac_cv_header_locale_h=yes
ac_cv_header_memory_h=yes
ac_cv_header_stdc=yes
ac_cv_header_stdint_h=yes
ac_cv_header_stdlib_h=yes
ac_cv_header_string_h=yes
ac_cv_header_strings_h=yes
ac_cv_header_sys_ioctl_h=yes
ac_cv_header_sys_stat_h=yes
ac_cv_header_sys_types_h=yes
ac_cv_header_unistd_h=yes
ac_cv_host=i686-pc-linux-gnu
ac_cv_lib_X11_XOpenDisplay=yes
ac_cv_lib_Xss_XScreenSaverQueryInfo=yes
ac_cv_objext=o
ac_cv_path_EGREP='/bin/grep -E'
ac_cv_path_GREP=/bin/grep
ac_cv_path_install='/usr/bin/install -c'
ac_cv_prog_AWK=gawk
ac_cv_prog_CPP='gcc -E'
ac_cv_prog_ac_ct_CC=gcc
ac_cv_prog_ac_ct_CXX=g++
ac_cv_prog_cc_c89=
ac_cv_prog_cc_g=yes
ac_cv_prog_cxx_g=yes
ac_cv_prog_make_make_set=yes
ac_cv_target=i686-pc-linux-gnu
am_cv_CC_dependencies_compiler_type=gcc3
am_cv_CXX_dependencies_compiler_type=gcc3

## ----------------- ##
## Output variables. ##
## ----------------- ##

ACLOCAL='${SHELL} /home/gam3/src/tasker/X11/missing --run aclocal-1.9'
AMDEPBACKSLASH='\'
AMDEP_FALSE='#'
AMDEP_TRUE=''
AMTAR='${SHELL} /home/gam3/src/tasker/X11/missing --run tar'
AUTOCONF='${SHELL} /home/gam3/src/tasker/X11/missing --run autoconf'
AUTOHEADER='${SHELL} /home/gam3/src/tasker/X11/missing --run autoheader'
AUTOMAKE='${SHELL} /home/gam3/src/tasker/X11/missing --run automake-1.9'
AWK='gawk'
CC='gcc'
CCDEPMODE='depmode=gcc3'
CFLAGS='-g -O2'
CPP='gcc -E'
CPPFLAGS=''
CXX='g++'
CXXDEPMODE='depmode=gcc3'
CXXFLAGS='-g -O2'
CYGPATH_W='echo'
DEFS='-DPACKAGE_NAME=\"tasker-X11\" -DPACKAGE_TARNAME=\"tasker-x11\" -DPACKAGE_VERSION=\"0.0.1\" -DPACKAGE_STRING=\"tasker-X11\ 0.0.1\" -DPACKAGE_BUGREPORT=\"tasker-bugs@gam3.net\" -DPACKAGE=\"tasker-x11\" -DVERSION=\"0.0.1\" -DHAVE_LIBX11=1 -DHAVE_LIBXSS=1 -DSTDC_HEADERS=1 -DHAVE_SYS_TYPES_H=1 -DHAVE_SYS_STAT_H=1 -DHAVE_STDLIB_H=1 -DHAVE_STRING_H=1 -DHAVE_MEMORY_H=1 -DHAVE_STRINGS_H=1 -DHAVE_INTTYPES_H=1 -DHAVE_STDINT_H=1 -DHAVE_UNISTD_H=1 -DHAVE_FCNTL_H=1 -DHAVE_LOCALE_H=1 -DHAVE_SYS_IOCTL_H=1 -DHAVE_X11_XLIB_H=1 -DHAVE_X11_X_H=1 -DHAVE_X11_INTRINSIC_H=1 -DHAVE_X11_XMU_WINUTIL_H=1 -DHAVE_X11_EXTENSIONS_SCRNSAVER_H=1'
DEPDIR='.deps'
ECHO_C=''
ECHO_N='-n'
ECHO_T=''
EGREP='/bin/grep -E'
EXEEXT=''
GREP='/bin/grep'
INSTALL_DATA='${INSTALL} -m 644'
INSTALL_PROGRAM='${INSTALL}'
INSTALL_SCRIPT='${INSTALL}'
INSTALL_STRIP_PROGRAM='${SHELL} $(install_sh) -c -s'
LDFLAGS=''
LIBOBJS=''
LIBS='-lXss -lX11 '
LTLIBOBJS=''
MAKEINFO='${SHELL} /home/gam3/src/tasker/X11/missing --run makeinfo'
OBJEXT='o'
PACKAGE='tasker-x11'
PACKAGE_BUGREPORT='tasker-bugs@gam3.net'
PACKAGE_NAME='tasker-X11'
PACKAGE_STRING='tasker-X11 0.0.1'
PACKAGE_TARNAME='tasker-x11'
PACKAGE_VERSION='0.0.1'
PATH_SEPARATOR=':'
SET_MAKE=''
SHELL='/bin/sh'
STRIP=''
VERSION='0.0.1'
ac_ct_CC='gcc'
ac_ct_CXX='g++'
am__fastdepCC_FALSE='#'
am__fastdepCC_TRUE=''
am__fastdepCXX_FALSE='#'
am__fastdepCXX_TRUE=''
am__include='include'
am__leading_dot='.'
am__quote=''
am__tar='${AMTAR} chof - "$$tardir"'
am__untar='${AMTAR} xf -'
bindir='${exec_prefix}/bin'
build='i686-pc-linux-gnu'
build_alias=''
build_cpu='i686'
build_os='linux-gnu'
build_vendor='pc'
datadir='${datarootdir}'
datarootdir='${prefix}/share'
docdir='${datarootdir}/doc/${PACKAGE_TARNAME}'
dvidir='${docdir}'
exec_prefix='${prefix}'
host='i686-pc-linux-gnu'
host_alias=''
host_cpu='i686'
host_os='linux-gnu'
host_vendor='pc'
htmldir='${docdir}'
includedir='${prefix}/include'
infodir='${datarootdir}/info'
install_sh='/home/gam3/src/tasker/X11/install-sh'
libdir='${exec_prefix}/lib'
libexecdir='${exec_prefix}/libexec'
localedir='${datarootdir}/locale'
localstatedir='${prefix}/var'
mandir='${datarootdir}/man'
mkdir_p='mkdir -p --'
oldincludedir='/usr/include'
pdfdir='${docdir}'
prefix='/usr/local'
program_transform_name='s,x,x,'
psdir='${docdir}'
sbindir='${exec_prefix}/sbin'
sharedstatedir='${prefix}/com'
subdirs=' focus_tracker'
sysconfdir='${prefix}/etc'
target='i686-pc-linux-gnu'
target_alias=''
target_cpu='i686'
target_os='linux-gnu'
target_vendor='pc'

## ----------- ##
## confdefs.h. ##
## ----------- ##

#define PACKAGE_NAME "tasker-X11"
#define PACKAGE_TARNAME "tasker-x11"
#define PACKAGE_VERSION "0.0.1"
#define PACKAGE_STRING "tasker-X11 0.0.1"
#define PACKAGE_BUGREPORT "tasker-bugs@gam3.net"
#define PACKAGE "tasker-x11"
#define VERSION "0.0.1"
#define HAVE_LIBX11 1
#define HAVE_LIBXSS 1
#define STDC_HEADERS 1
#define HAVE_SYS_TYPES_H 1
#define HAVE_SYS_STAT_H 1
#define HAVE_STDLIB_H 1
#define HAVE_STRING_H 1
#define HAVE_MEMORY_H 1
#define HAVE_STRINGS_H 1
#define HAVE_INTTYPES_H 1
#define HAVE_STDINT_H 1
#define HAVE_UNISTD_H 1
#define HAVE_FCNTL_H 1
#define HAVE_LOCALE_H 1
#define HAVE_SYS_IOCTL_H 1
#define HAVE_X11_XLIB_H 1
#define HAVE_X11_X_H 1
#define HAVE_X11_INTRINSIC_H 1
#define HAVE_X11_XMU_WINUTIL_H 1
#define HAVE_X11_EXTENSIONS_SCRNSAVER_H 1

configure: exit 0
